<?xml version="1.0" encoding="UTF-8"?>
<testsuite name="tests.Testt" tests="17" skipped="0" failures="0" errors="0" timestamp="2023-05-16T17:01:29" hostname="DELL" time="0.138">
  <properties/>
  <testcase name="less_of_args()" classname="tests.Testt" time="0.059"/>
  <testcase name="div_simple()" classname="tests.Testt" time="0.008"/>
  <testcase name="sub_simple()" classname="tests.Testt" time="0.004"/>
  <testcase name="define_simple()" classname="tests.Testt" time="0.003"/>
  <testcase name="no_map_key()" classname="tests.Testt" time="0.002"/>
  <testcase name="push_simple()" classname="tests.Testt" time="0.002"/>
  <testcase name="mul_simple()" classname="tests.Testt" time="0.004"/>
  <testcase name="pop_simple()" classname="tests.Testt" time="0.003"/>
  <testcase name="print_simple()" classname="tests.Testt" time="0.008"/>
  <testcase name="div_by_zero_simple()" classname="tests.Testt" time="0.002"/>
  <testcase name="sqrt_neg_num()" classname="tests.Testt" time="0.003"/>
  <testcase name="sqrt_simple()" classname="tests.Testt" time="0.002"/>
  <testcase name="bad_command()" classname="tests.Testt" time="0.002"/>
  <testcase name="div_by_zero()" classname="tests.Testt" time="0.002"/>
  <testcase name="a_lot_of_args()" classname="tests.Testt" time="0.003"/>
  <testcase name="no_stack_element()" classname="tests.Testt" time="0.001"/>
  <testcase name="add_simple()" classname="tests.Testt" time="0.003"/>
  <system-out><![CDATA[1
]]></system-out>
  <system-err><![CDATA[]]></system-err>
</testsuite>
